2026-06-25 07:58:28,088 | INFO | 读取 STEP: D:\MX\porous_step_model_connected_boundary\input\cube_10mm.step
2026-06-25 07:58:28,133 | INFO | 原始体积: 1000.000000；包围盒: [-5. -5. -5.] -> [5. 5. 5.]
2026-06-25 07:58:28,134 | INFO | 忽略重叠后的估算孔数: 659924；上限: 9000000
2026-06-25 07:58:28,134 | WARNING | 最小孔径接近 STL 离散尺度，Abaqus/HyperMesh 网格可能失败。
2026-06-25 07:58:28,134 | WARNING | 孔洞数量较多，布尔和后续四面体网格可能非常耗时。
2026-06-25 07:58:28,648 | INFO | 布尔进度: 成功=20, 失败=0, 采样=20, 实际孔隙率=0.0000
2026-06-25 07:58:30,380 | INFO | 布尔进度: 成功=40, 失败=0, 采样=40, 实际孔隙率=0.0000
2026-06-25 07:58:34,836 | INFO | 读取 STEP: D:\MX\porous_step_model_connected_boundary\input\cube_10mm.step
2026-06-25 07:58:34,840 | INFO | 原始体积: 1000.000000；包围盒: [-5. -5. -5.] -> [5. 5. 5.]
2026-06-25 07:58:34,840 | INFO | 忽略重叠后的估算孔数: 659924；上限: 9000000
2026-06-25 07:58:34,840 | WARNING | 最小孔径接近 STL 离散尺度，Abaqus/HyperMesh 网格可能失败。
2026-06-25 07:58:34,840 | WARNING | 孔洞数量较多，布尔和后续四面体网格可能非常耗时。
2026-06-25 07:58:35,316 | INFO | 布尔进度: 成功=20, 失败=0, 采样=20, 实际孔隙率=0.0000
2026-06-25 07:58:36,930 | INFO | 布尔进度: 成功=40, 失败=0, 采样=40, 实际孔隙率=0.0000
2026-06-25 07:58:40,389 | INFO | 布尔进度: 成功=60, 失败=0, 采样=60, 实际孔隙率=0.0000
2026-06-25 07:58:46,217 | INFO | 布尔进度: 成功=80, 失败=0, 采样=80, 实际孔隙率=0.0001
2026-06-25 07:58:55,474 | INFO | 布尔进度: 成功=100, 失败=0, 采样=100, 实际孔隙率=0.0001
2026-06-25 07:59:08,523 | INFO | 布尔进度: 成功=120, 失败=0, 采样=120, 实际孔隙率=0.0001
2026-06-25 07:59:26,265 | INFO | 布尔进度: 成功=140, 失败=0, 采样=140, 实际孔隙率=0.0001
2026-06-25 07:59:49,275 | INFO | 布尔进度: 成功=160, 失败=0, 采样=160, 实际孔隙率=0.0001
2026-06-25 08:00:18,140 | INFO | 布尔进度: 成功=180, 失败=0, 采样=180, 实际孔隙率=0.0001
2026-06-25 08:00:55,202 | INFO | 布尔进度: 成功=200, 失败=0, 采样=200, 实际孔隙率=0.0001
2026-06-25 08:01:38,522 | INFO | 布尔进度: 成功=220, 失败=0, 采样=220, 实际孔隙率=0.0001
2026-06-25 08:02:29,621 | INFO | 布尔进度: 成功=240, 失败=0, 采样=240, 实际孔隙率=0.0002
2026-06-25 08:03:29,276 | INFO | 布尔进度: 成功=260, 失败=0, 采样=260, 实际孔隙率=0.0002
2026-06-25 08:04:39,001 | INFO | 布尔进度: 成功=280, 失败=0, 采样=280, 实际孔隙率=0.0002
2026-06-25 08:05:58,060 | INFO | 布尔进度: 成功=300, 失败=0, 采样=300, 实际孔隙率=0.0002
2026-06-25 08:07:28,732 | INFO | 布尔进度: 成功=320, 失败=0, 采样=320, 实际孔隙率=0.0002
2026-06-25 08:09:08,890 | INFO | 布尔进度: 成功=340, 失败=0, 采样=340, 实际孔隙率=0.0002
2026-06-25 08:11:01,302 | INFO | 布尔进度: 成功=360, 失败=0, 采样=360, 实际孔隙率=0.0002
2026-06-25 08:13:10,921 | INFO | 布尔进度: 成功=380, 失败=0, 采样=380, 实际孔隙率=0.0002
2026-06-25 08:17:14,947 | INFO | 读取 STEP: D:\MX\porous_step_model_connected_boundary\input\cube_10mm.step
2026-06-25 08:17:14,952 | INFO | 原始体积: 1000.000000；包围盒: [-5. -5. -5.] -> [5. 5. 5.]
2026-06-25 08:17:14,952 | INFO | 忽略重叠后的估算孔数: 659924；上限: 9000000
2026-06-25 08:17:14,952 | WARNING | 最小孔径接近 STL 离散尺度，Abaqus/HyperMesh 网格可能失败。
2026-06-25 08:17:14,952 | WARNING | 孔洞数量较多，布尔和后续四面体网格可能非常耗时。
2026-06-25 08:17:15,412 | INFO | 布尔进度: 成功=20, 失败=0, 采样=20, 实际孔隙率=0.0000
2026-06-25 08:17:17,049 | INFO | 布尔进度: 成功=40, 失败=0, 采样=40, 实际孔隙率=0.0000
2026-06-25 08:17:20,553 | INFO | 布尔进度: 成功=60, 失败=0, 采样=60, 实际孔隙率=0.0000
2026-06-25 08:17:26,521 | INFO | 布尔进度: 成功=80, 失败=0, 采样=80, 实际孔隙率=0.0001
2026-06-25 08:17:35,957 | INFO | 布尔进度: 成功=100, 失败=0, 采样=100, 实际孔隙率=0.0001
2026-06-25 08:17:48,915 | INFO | 布尔进度: 成功=120, 失败=0, 采样=120, 实际孔隙率=0.0001
2026-06-25 08:18:06,485 | INFO | 布尔进度: 成功=140, 失败=0, 采样=140, 实际孔隙率=0.0001
2026-06-25 08:18:29,297 | INFO | 布尔进度: 成功=160, 失败=0, 采样=160, 实际孔隙率=0.0001
2026-06-25 08:18:57,939 | INFO | 布尔进度: 成功=180, 失败=0, 采样=180, 实际孔隙率=0.0001
2026-06-25 08:19:50,539 | INFO | 读取 STEP: D:\MX\porous_step_model_connected_boundary\input\cube_10mm.step
2026-06-25 08:19:50,550 | INFO | 原始体积: 1000.000000；包围盒: [-5. -5. -5.] -> [5. 5. 5.]
2026-06-25 08:19:50,550 | INFO | 忽略重叠后的估算孔数: 763944；上限: 9000000
2026-06-25 08:19:50,550 | WARNING | 最小孔径接近 STL 离散尺度，Abaqus/HyperMesh 网格可能失败。
2026-06-25 08:19:50,550 | WARNING | 孔洞数量较多，布尔和后续四面体网格可能非常耗时。
2026-06-25 08:19:50,586 | INFO | 布尔进度: 成功=20, 失败=0, 采样=20, 实际孔隙率=0.0000
2026-06-25 08:19:50,635 | INFO | 布尔进度: 成功=40, 失败=0, 采样=40, 实际孔隙率=0.0000
2026-06-25 08:19:50,702 | INFO | 布尔进度: 成功=60, 失败=0, 采样=60, 实际孔隙率=0.0000
2026-06-25 08:19:50,793 | INFO | 布尔进度: 成功=80, 失败=0, 采样=80, 实际孔隙率=0.0000
2026-06-25 08:19:50,914 | INFO | 布尔进度: 成功=100, 失败=0, 采样=100, 实际孔隙率=0.0001
2026-06-25 08:19:51,051 | INFO | 布尔进度: 成功=120, 失败=0, 采样=120, 实际孔隙率=0.0001
2026-06-25 08:19:51,245 | INFO | 布尔进度: 成功=140, 失败=0, 采样=140, 实际孔隙率=0.0001
2026-06-25 08:19:51,460 | INFO | 布尔进度: 成功=160, 失败=0, 采样=160, 实际孔隙率=0.0001
2026-06-25 08:19:51,722 | INFO | 布尔进度: 成功=180, 失败=0, 采样=180, 实际孔隙率=0.0001
2026-06-25 08:19:52,027 | INFO | 布尔进度: 成功=200, 失败=0, 采样=200, 实际孔隙率=0.0001
2026-06-25 08:19:52,376 | INFO | 布尔进度: 成功=220, 失败=0, 采样=220, 实际孔隙率=0.0001
2026-06-25 08:19:52,786 | INFO | 布尔进度: 成功=240, 失败=0, 采样=240, 实际孔隙率=0.0001
2026-06-25 08:19:53,246 | INFO | 布尔进度: 成功=260, 失败=0, 采样=260, 实际孔隙率=0.0001
2026-06-25 08:19:53,761 | INFO | 布尔进度: 成功=280, 失败=0, 采样=280, 实际孔隙率=0.0001
2026-06-25 08:19:54,343 | INFO | 布尔进度: 成功=300, 失败=0, 采样=300, 实际孔隙率=0.0002
2026-06-25 08:19:55,066 | INFO | 布尔进度: 成功=320, 失败=0, 采样=320, 实际孔隙率=0.0002
2026-06-25 08:19:55,781 | INFO | 布尔进度: 成功=340, 失败=0, 采样=340, 实际孔隙率=0.0002
2026-06-25 08:19:56,849 | INFO | 布尔进度: 成功=360, 失败=0, 采样=360, 实际孔隙率=0.0002
2026-06-25 08:19:57,714 | INFO | 布尔进度: 成功=380, 失败=0, 采样=380, 实际孔隙率=0.0002
2026-06-25 08:19:58,647 | INFO | 布尔进度: 成功=400, 失败=0, 采样=400, 实际孔隙率=0.0002
2026-06-25 08:19:59,686 | INFO | 布尔进度: 成功=420, 失败=0, 采样=420, 实际孔隙率=0.0002
2026-06-25 08:20:00,802 | INFO | 布尔进度: 成功=440, 失败=0, 采样=440, 实际孔隙率=0.0002
2026-06-25 08:20:02,030 | INFO | 布尔进度: 成功=460, 失败=0, 采样=460, 实际孔隙率=0.0002
2026-06-25 08:20:03,357 | INFO | 布尔进度: 成功=480, 失败=0, 采样=480, 实际孔隙率=0.0003
2026-06-25 08:20:04,753 | INFO | 布尔进度: 成功=500, 失败=0, 采样=500, 实际孔隙率=0.0003
2026-06-25 08:20:06,249 | INFO | 布尔进度: 成功=520, 失败=0, 采样=520, 实际孔隙率=0.0003
2026-06-25 08:20:07,825 | INFO | 布尔进度: 成功=540, 失败=0, 采样=540, 实际孔隙率=0.0003
2026-06-25 08:20:09,528 | INFO | 布尔进度: 成功=560, 失败=0, 采样=560, 实际孔隙率=0.0003
2026-06-25 08:20:11,329 | INFO | 布尔进度: 成功=580, 失败=0, 采样=580, 实际孔隙率=0.0003
2026-06-25 08:20:13,249 | INFO | 布尔进度: 成功=600, 失败=0, 采样=600, 实际孔隙率=0.0003
2026-06-25 08:20:15,273 | INFO | 布尔进度: 成功=620, 失败=0, 采样=620, 实际孔隙率=0.0003
2026-06-25 08:20:17,411 | INFO | 布尔进度: 成功=640, 失败=0, 采样=640, 实际孔隙率=0.0003
2026-06-25 08:20:19,710 | INFO | 布尔进度: 成功=660, 失败=0, 采样=660, 实际孔隙率=0.0003
2026-06-25 08:20:22,112 | INFO | 布尔进度: 成功=680, 失败=0, 采样=680, 实际孔隙率=0.0004
2026-06-25 08:20:24,627 | INFO | 布尔进度: 成功=700, 失败=0, 采样=700, 实际孔隙率=0.0004
2026-06-25 08:20:27,283 | INFO | 布尔进度: 成功=720, 失败=0, 采样=720, 实际孔隙率=0.0004
2026-06-25 08:20:30,088 | INFO | 布尔进度: 成功=740, 失败=0, 采样=740, 实际孔隙率=0.0004
2026-06-25 08:20:33,051 | INFO | 布尔进度: 成功=760, 失败=0, 采样=760, 实际孔隙率=0.0004
2026-06-25 08:20:36,122 | INFO | 布尔进度: 成功=780, 失败=0, 采样=780, 实际孔隙率=0.0004
2026-06-25 08:20:39,336 | INFO | 布尔进度: 成功=800, 失败=0, 采样=800, 实际孔隙率=0.0004
2026-06-25 08:20:42,702 | INFO | 布尔进度: 成功=820, 失败=0, 采样=820, 实际孔隙率=0.0004
2026-06-25 08:20:46,231 | INFO | 布尔进度: 成功=840, 失败=0, 采样=840, 实际孔隙率=0.0004
2026-06-25 08:20:49,925 | INFO | 布尔进度: 成功=860, 失败=0, 采样=860, 实际孔隙率=0.0004
2026-06-25 08:20:53,727 | INFO | 布尔进度: 成功=880, 失败=0, 采样=880, 实际孔隙率=0.0005
2026-06-25 08:20:57,739 | INFO | 布尔进度: 成功=900, 失败=0, 采样=900, 实际孔隙率=0.0005
2026-06-25 08:21:01,891 | INFO | 布尔进度: 成功=920, 失败=0, 采样=920, 实际孔隙率=0.0005
2026-06-25 08:21:06,280 | INFO | 布尔进度: 成功=940, 失败=0, 采样=940, 实际孔隙率=0.0005
2026-06-25 08:21:10,821 | INFO | 布尔进度: 成功=960, 失败=0, 采样=960, 实际孔隙率=0.0005
2026-06-25 08:21:15,493 | INFO | 布尔进度: 成功=980, 失败=0, 采样=980, 实际孔隙率=0.0005
2026-06-25 08:21:20,321 | INFO | 布尔进度: 成功=1000, 失败=0, 采样=1000, 实际孔隙率=0.0005
2026-06-25 08:21:25,356 | INFO | 布尔进度: 成功=1020, 失败=0, 采样=1020, 实际孔隙率=0.0005
2026-06-25 08:21:30,570 | INFO | 布尔进度: 成功=1040, 失败=0, 采样=1040, 实际孔隙率=0.0005
2026-06-25 08:21:36,011 | INFO | 布尔进度: 成功=1060, 失败=0, 采样=1060, 实际孔隙率=0.0006
2026-06-25 08:21:41,587 | INFO | 布尔进度: 成功=1080, 失败=0, 采样=1080, 实际孔隙率=0.0006
2026-06-25 08:21:47,371 | INFO | 布尔进度: 成功=1100, 失败=0, 采样=1100, 实际孔隙率=0.0006
2026-06-25 08:21:53,346 | INFO | 布尔进度: 成功=1120, 失败=0, 采样=1120, 实际孔隙率=0.0006
2026-06-25 08:21:59,513 | INFO | 布尔进度: 成功=1140, 失败=0, 采样=1140, 实际孔隙率=0.0006
2026-06-25 08:22:06,051 | INFO | 布尔进度: 成功=1160, 失败=0, 采样=1160, 实际孔隙率=0.0006
2026-06-25 08:22:12,695 | INFO | 布尔进度: 成功=1180, 失败=0, 采样=1180, 实际孔隙率=0.0006
2026-06-25 08:22:19,570 | INFO | 布尔进度: 成功=1200, 失败=0, 采样=1200, 实际孔隙率=0.0006
2026-06-25 08:22:26,580 | INFO | 布尔进度: 成功=1220, 失败=0, 采样=1220, 实际孔隙率=0.0006
2026-06-25 08:22:33,832 | INFO | 布尔进度: 成功=1240, 失败=0, 采样=1240, 实际孔隙率=0.0006
2026-06-25 08:22:41,284 | INFO | 布尔进度: 成功=1260, 失败=0, 采样=1260, 实际孔隙率=0.0007
2026-06-25 08:22:49,012 | INFO | 布尔进度: 成功=1280, 失败=0, 采样=1280, 实际孔隙率=0.0007
2026-06-25 08:22:56,927 | INFO | 布尔进度: 成功=1300, 失败=0, 采样=1300, 实际孔隙率=0.0007
2026-06-25 08:23:05,089 | INFO | 布尔进度: 成功=1320, 失败=0, 采样=1320, 实际孔隙率=0.0007
2026-06-25 08:23:13,506 | INFO | 布尔进度: 成功=1340, 失败=0, 采样=1340, 实际孔隙率=0.0007
2026-06-25 08:23:22,230 | INFO | 布尔进度: 成功=1360, 失败=0, 采样=1360, 实际孔隙率=0.0007
2026-06-25 08:23:31,079 | INFO | 布尔进度: 成功=1380, 失败=0, 采样=1380, 实际孔隙率=0.0007
2026-06-25 08:23:40,124 | INFO | 布尔进度: 成功=1400, 失败=0, 采样=1400, 实际孔隙率=0.0007
2026-06-25 08:23:49,569 | INFO | 布尔进度: 成功=1420, 失败=0, 采样=1420, 实际孔隙率=0.0007
2026-06-25 08:23:59,194 | INFO | 布尔进度: 成功=1440, 失败=0, 采样=1440, 实际孔隙率=0.0008
2026-06-25 08:24:09,109 | INFO | 布尔进度: 成功=1460, 失败=0, 采样=1460, 实际孔隙率=0.0008
2026-06-25 08:24:19,252 | INFO | 布尔进度: 成功=1480, 失败=0, 采样=1480, 实际孔隙率=0.0008
2026-06-25 08:24:31,568 | INFO | 布尔进度: 成功=1500, 失败=0, 采样=1501, 实际孔隙率=0.0008
2026-06-25 08:24:42,273 | INFO | 布尔进度: 成功=1520, 失败=0, 采样=1521, 实际孔隙率=0.0008
2026-06-25 08:24:53,181 | INFO | 布尔进度: 成功=1540, 失败=0, 采样=1541, 实际孔隙率=0.0008
2026-06-25 08:25:04,367 | INFO | 布尔进度: 成功=1560, 失败=0, 采样=1561, 实际孔隙率=0.0008
2026-06-25 08:25:15,843 | INFO | 布尔进度: 成功=1580, 失败=0, 采样=1581, 实际孔隙率=0.0008
2026-06-25 08:25:27,726 | INFO | 布尔进度: 成功=1600, 失败=0, 采样=1602, 实际孔隙率=0.0008
2026-06-25 08:25:39,849 | INFO | 布尔进度: 成功=1620, 失败=0, 采样=1622, 实际孔隙率=0.0008
2026-06-25 08:25:52,095 | INFO | 布尔进度: 成功=1640, 失败=0, 采样=1642, 实际孔隙率=0.0009
2026-06-25 08:26:04,693 | INFO | 布尔进度: 成功=1660, 失败=0, 采样=1662, 实际孔隙率=0.0009
2026-06-25 08:26:17,685 | INFO | 布尔进度: 成功=1680, 失败=0, 采样=1682, 实际孔隙率=0.0009
2026-06-25 08:26:30,836 | INFO | 布尔进度: 成功=1700, 失败=0, 采样=1702, 实际孔隙率=0.0009
2026-06-25 08:26:44,403 | INFO | 布尔进度: 成功=1720, 失败=0, 采样=1722, 实际孔隙率=0.0009
2026-06-25 08:26:58,108 | INFO | 布尔进度: 成功=1740, 失败=0, 采样=1743, 实际孔隙率=0.0009
2026-06-25 08:27:12,232 | INFO | 布尔进度: 成功=1760, 失败=0, 采样=1763, 实际孔隙率=0.0009
2026-06-25 08:27:26,570 | INFO | 布尔进度: 成功=1780, 失败=0, 采样=1783, 实际孔隙率=0.0009
2026-06-25 08:27:41,256 | INFO | 布尔进度: 成功=1800, 失败=0, 采样=1803, 实际孔隙率=0.0009
2026-06-25 08:27:56,430 | INFO | 布尔进度: 成功=1820, 失败=0, 采样=1823, 实际孔隙率=0.0009
2026-06-25 08:28:11,720 | INFO | 布尔进度: 成功=1840, 失败=0, 采样=1843, 实际孔隙率=0.0010
2026-06-25 08:28:27,251 | INFO | 布尔进度: 成功=1860, 失败=0, 采样=1863, 实际孔隙率=0.0010
2026-06-25 08:28:43,117 | INFO | 布尔进度: 成功=1880, 失败=0, 采样=1883, 实际孔隙率=0.0010
2026-06-25 08:28:59,453 | INFO | 布尔进度: 成功=1900, 失败=0, 采样=1903, 实际孔隙率=0.0010
2026-06-25 08:29:15,970 | INFO | 布尔进度: 成功=1920, 失败=0, 采样=1923, 实际孔隙率=0.0010
2026-06-25 08:29:32,772 | INFO | 布尔进度: 成功=1940, 失败=0, 采样=1943, 实际孔隙率=0.0010
2026-06-25 08:29:49,991 | INFO | 布尔进度: 成功=1960, 失败=0, 采样=1963, 实际孔隙率=0.0010
2026-06-25 08:30:07,652 | INFO | 布尔进度: 成功=1980, 失败=0, 采样=1983, 实际孔隙率=0.0010
2026-06-25 08:30:25,528 | INFO | 布尔进度: 成功=2000, 失败=0, 采样=2003, 实际孔隙率=0.0010
2026-06-25 08:30:43,802 | INFO | 布尔进度: 成功=2020, 失败=0, 采样=2023, 实际孔隙率=0.0011
2026-06-25 08:31:02,527 | INFO | 布尔进度: 成功=2040, 失败=0, 采样=2043, 实际孔隙率=0.0011
2026-06-25 08:31:21,501 | INFO | 布尔进度: 成功=2060, 失败=0, 采样=2063, 实际孔隙率=0.0011
2026-06-25 08:31:40,790 | INFO | 布尔进度: 成功=2080, 失败=0, 采样=2083, 实际孔隙率=0.0011
2026-06-25 08:32:00,441 | INFO | 布尔进度: 成功=2100, 失败=0, 采样=2103, 实际孔隙率=0.0011
2026-06-25 08:32:20,617 | INFO | 布尔进度: 成功=2120, 失败=0, 采样=2123, 实际孔隙率=0.0011
2026-06-25 08:32:41,010 | INFO | 布尔进度: 成功=2140, 失败=0, 采样=2143, 实际孔隙率=0.0011
2026-06-25 08:33:01,764 | INFO | 布尔进度: 成功=2160, 失败=0, 采样=2163, 实际孔隙率=0.0011
2026-06-25 08:33:22,997 | INFO | 布尔进度: 成功=2180, 失败=0, 采样=2183, 实际孔隙率=0.0011
2026-06-25 08:33:44,472 | INFO | 布尔进度: 成功=2200, 失败=0, 采样=2203, 实际孔隙率=0.0011
2026-06-25 08:34:06,342 | INFO | 布尔进度: 成功=2220, 失败=0, 采样=2223, 实际孔隙率=0.0012
2026-06-25 08:34:28,726 | INFO | 布尔进度: 成功=2240, 失败=0, 采样=2243, 实际孔隙率=0.0012
2026-06-25 08:34:51,312 | INFO | 布尔进度: 成功=2260, 失败=0, 采样=2263, 实际孔隙率=0.0012
2026-06-25 08:35:14,393 | INFO | 布尔进度: 成功=2280, 失败=0, 采样=2283, 实际孔隙率=0.0012
2026-06-25 08:35:37,952 | INFO | 布尔进度: 成功=2300, 失败=0, 采样=2303, 实际孔隙率=0.0012
2026-06-25 08:36:02,292 | INFO | 布尔进度: 成功=2320, 失败=0, 采样=2323, 实际孔隙率=0.0012
2026-06-25 08:36:26,519 | INFO | 布尔进度: 成功=2340, 失败=0, 采样=2343, 实际孔隙率=0.0012
2026-06-25 08:36:51,235 | INFO | 布尔进度: 成功=2360, 失败=0, 采样=2363, 实际孔隙率=0.0012
2026-06-25 08:37:16,174 | INFO | 布尔进度: 成功=2380, 失败=0, 采样=2383, 实际孔隙率=0.0012
2026-06-25 08:37:41,813 | INFO | 布尔进度: 成功=2400, 失败=0, 采样=2403, 实际孔隙率=0.0013
2026-06-25 08:38:07,593 | INFO | 布尔进度: 成功=2420, 失败=0, 采样=2423, 实际孔隙率=0.0013
2026-06-25 08:38:33,729 | INFO | 布尔进度: 成功=2440, 失败=0, 采样=2443, 实际孔隙率=0.0013
2026-06-25 08:39:01,452 | INFO | 布尔进度: 成功=2460, 失败=0, 采样=2463, 实际孔隙率=0.0013
2026-06-25 08:39:29,325 | INFO | 布尔进度: 成功=2480, 失败=0, 采样=2483, 实际孔隙率=0.0013
2026-06-25 08:39:58,877 | INFO | 布尔进度: 成功=2500, 失败=0, 采样=2503, 实际孔隙率=0.0013
2026-06-25 08:40:28,874 | INFO | 布尔进度: 成功=2520, 失败=0, 采样=2523, 实际孔隙率=0.0013
2026-06-25 08:40:59,401 | INFO | 布尔进度: 成功=2540, 失败=0, 采样=2544, 实际孔隙率=0.0013
2026-06-25 08:41:28,498 | INFO | 布尔进度: 成功=2560, 失败=0, 采样=2564, 实际孔隙率=0.0013
2026-06-25 08:41:58,894 | INFO | 布尔进度: 成功=2580, 失败=0, 采样=2584, 实际孔隙率=0.0013
2026-06-25 08:42:29,634 | INFO | 布尔进度: 成功=2600, 失败=0, 采样=2604, 实际孔隙率=0.0014
2026-06-25 08:43:00,736 | INFO | 布尔进度: 成功=2620, 失败=0, 采样=2624, 实际孔隙率=0.0014
2026-06-25 09:57:31,067 | INFO | 已启用 OCC 并行布尔模式；OCC 默认线程数=12
2026-06-25 10:03:13,958 | INFO | 已启用 OCC 并行布尔模式；OCC 默认线程数=8
2026-06-25 10:03:13,958 | INFO | 读取 STEP: D:\MX\porous_step_model_connected_boundary-new\input\cube_10mm.step
2026-06-25 10:03:14,045 | INFO | 原始体积: 1000.000000；包围盒: [-5. -5. -5.] -> [5. 5. 5.]
2026-06-25 10:03:14,046 | INFO | 忽略重叠后的估算孔数: 763944；上限: 9000000
2026-06-25 10:03:14,046 | WARNING | 最小孔径接近 STL 离散尺度，Abaqus/HyperMesh 网格可能失败。
2026-06-25 10:03:14,046 | WARNING | 孔洞数量较多，布尔和后续四面体网格可能非常耗时。
2026-06-25 10:03:14,097 | INFO | 布尔进度: 成功=20, 失败=0, 采样=20, 实际孔隙率=0.0000
2026-06-25 10:03:14,156 | INFO | 布尔进度: 成功=40, 失败=0, 采样=40, 实际孔隙率=0.0000
2026-06-25 10:03:14,218 | INFO | 布尔进度: 成功=60, 失败=0, 采样=60, 实际孔隙率=0.0000
2026-06-25 10:03:14,315 | INFO | 布尔进度: 成功=80, 失败=0, 采样=80, 实际孔隙率=0.0000
2026-06-25 10:03:14,434 | INFO | 布尔进度: 成功=100, 失败=0, 采样=100, 实际孔隙率=0.0001
2026-06-25 10:03:14,590 | INFO | 布尔进度: 成功=120, 失败=0, 采样=120, 实际孔隙率=0.0001
2026-06-25 10:03:14,770 | INFO | 布尔进度: 成功=140, 失败=0, 采样=140, 实际孔隙率=0.0001
2026-06-25 10:03:14,993 | INFO | 布尔进度: 成功=160, 失败=0, 采样=160, 实际孔隙率=0.0001
2026-06-25 10:03:15,250 | INFO | 布尔进度: 成功=180, 失败=0, 采样=180, 实际孔隙率=0.0001
2026-06-25 10:03:15,568 | INFO | 布尔进度: 成功=200, 失败=0, 采样=200, 实际孔隙率=0.0001
2026-06-25 10:03:15,946 | INFO | 布尔进度: 成功=220, 失败=0, 采样=220, 实际孔隙率=0.0001
2026-06-25 10:03:16,354 | INFO | 布尔进度: 成功=240, 失败=0, 采样=240, 实际孔隙率=0.0001
2026-06-25 10:03:16,810 | INFO | 布尔进度: 成功=260, 失败=0, 采样=260, 实际孔隙率=0.0001
2026-06-25 10:03:17,366 | INFO | 布尔进度: 成功=280, 失败=0, 采样=280, 实际孔隙率=0.0001
2026-06-25 10:03:17,968 | INFO | 布尔进度: 成功=300, 失败=0, 采样=300, 实际孔隙率=0.0002
2026-06-25 10:03:18,602 | INFO | 布尔进度: 成功=320, 失败=0, 采样=320, 实际孔隙率=0.0002
2026-06-25 10:03:19,292 | INFO | 布尔进度: 成功=340, 失败=0, 采样=340, 实际孔隙率=0.0002
2026-06-25 10:03:20,072 | INFO | 布尔进度: 成功=360, 失败=0, 采样=360, 实际孔隙率=0.0002
2026-06-25 10:03:20,909 | INFO | 布尔进度: 成功=380, 失败=0, 采样=380, 实际孔隙率=0.0002
2026-06-25 10:03:21,823 | INFO | 布尔进度: 成功=400, 失败=0, 采样=400, 实际孔隙率=0.0002
2026-06-25 10:03:22,827 | INFO | 布尔进度: 成功=420, 失败=0, 采样=420, 实际孔隙率=0.0002
2026-06-25 10:03:23,902 | INFO | 布尔进度: 成功=440, 失败=0, 采样=440, 实际孔隙率=0.0002
2026-06-25 10:03:25,075 | INFO | 布尔进度: 成功=460, 失败=0, 采样=460, 实际孔隙率=0.0002
2026-06-25 10:03:26,332 | INFO | 布尔进度: 成功=480, 失败=0, 采样=480, 实际孔隙率=0.0003
2026-06-25 10:03:27,760 | INFO | 布尔进度: 成功=500, 失败=0, 采样=500, 实际孔隙率=0.0003
2026-06-25 10:03:29,280 | INFO | 布尔进度: 成功=520, 失败=0, 采样=520, 实际孔隙率=0.0003
2026-06-25 10:03:30,897 | INFO | 布尔进度: 成功=540, 失败=0, 采样=540, 实际孔隙率=0.0003
2026-06-25 10:03:32,729 | INFO | 布尔进度: 成功=560, 失败=0, 采样=560, 实际孔隙率=0.0003
2026-06-25 10:03:34,713 | INFO | 布尔进度: 成功=580, 失败=0, 采样=580, 实际孔隙率=0.0003
2026-06-25 10:03:36,753 | INFO | 布尔进度: 成功=600, 失败=0, 采样=600, 实际孔隙率=0.0003
2026-06-25 10:03:39,009 | INFO | 布尔进度: 成功=620, 失败=0, 采样=620, 实际孔隙率=0.0003
2026-06-25 10:03:41,245 | INFO | 布尔进度: 成功=640, 失败=0, 采样=640, 实际孔隙率=0.0003
2026-06-25 10:03:43,645 | INFO | 布尔进度: 成功=660, 失败=0, 采样=660, 实际孔隙率=0.0003
2026-06-25 10:03:46,145 | INFO | 布尔进度: 成功=680, 失败=0, 采样=680, 实际孔隙率=0.0004
2026-06-25 10:03:48,760 | INFO | 布尔进度: 成功=700, 失败=0, 采样=700, 实际孔隙率=0.0004
2026-06-25 10:03:51,514 | INFO | 布尔进度: 成功=720, 失败=0, 采样=720, 实际孔隙率=0.0004
